  Main.cpp
C:\SFML Template\ConsoleApplication1\Main.cpp(19,75): warning C4244: 'argument': conversion from 'T' to 'T', possible loss of data
C:\SFML Template\ConsoleApplication1\Main.cpp(19,75): warning C4244:         with
C:\SFML Template\ConsoleApplication1\Main.cpp(19,75): warning C4244:         [
C:\SFML Template\ConsoleApplication1\Main.cpp(19,75): warning C4244:             T=unsigned int
C:\SFML Template\ConsoleApplication1\Main.cpp(19,75): warning C4244:         ]
C:\SFML Template\ConsoleApplication1\Main.cpp(19,75): warning C4244:         and
C:\SFML Template\ConsoleApplication1\Main.cpp(19,75): warning C4244:         [
C:\SFML Template\ConsoleApplication1\Main.cpp(19,75): warning C4244:             T=float
C:\SFML Template\ConsoleApplication1\Main.cpp(19,75): warning C4244:         ]
C:\SFML Template\ConsoleApplication1\Main.cpp(19,55): warning C4244: 'argument': conversion from 'T' to 'T', possible loss of data
C:\SFML Template\ConsoleApplication1\Main.cpp(19,55): warning C4244:         with
C:\SFML Template\ConsoleApplication1\Main.cpp(19,55): warning C4244:         [
C:\SFML Template\ConsoleApplication1\Main.cpp(19,55): warning C4244:             T=unsigned int
C:\SFML Template\ConsoleApplication1\Main.cpp(19,55): warning C4244:         ]
C:\SFML Template\ConsoleApplication1\Main.cpp(19,55): warning C4244:         and
C:\SFML Template\ConsoleApplication1\Main.cpp(19,55): warning C4244:         [
C:\SFML Template\ConsoleApplication1\Main.cpp(19,55): warning C4244:             T=float
C:\SFML Template\ConsoleApplication1\Main.cpp(19,55): warning C4244:         ]
  enemies.cpp
C:\SFML Template\ConsoleApplication1\enemies.cpp(46,30): warning C4244: 'argument': conversion from 'int' to 'float', possible loss of data
C:\SFML Template\ConsoleApplication1\enemies.cpp(46,27): warning C4244: 'argument': conversion from 'int' to 'float', possible loss of data
C:\SFML Template\ConsoleApplication1\enemies.cpp(55,13): warning C4551: function call missing argument list
C:\SFML Template\ConsoleApplication1\enemies.cpp(101,39): warning C4244: 'argument': conversion from 'int' to 'T', possible loss of data
C:\SFML Template\ConsoleApplication1\enemies.cpp(101,39): warning C4244:         with
C:\SFML Template\ConsoleApplication1\enemies.cpp(101,39): warning C4244:         [
C:\SFML Template\ConsoleApplication1\enemies.cpp(101,39): warning C4244:             T=float
C:\SFML Template\ConsoleApplication1\enemies.cpp(101,39): warning C4244:         ]
C:\SFML Template\ConsoleApplication1\enemies.cpp(101,36): warning C4244: 'argument': conversion from 'int' to 'T', possible loss of data
C:\SFML Template\ConsoleApplication1\enemies.cpp(101,36): warning C4244:         with
C:\SFML Template\ConsoleApplication1\enemies.cpp(101,36): warning C4244:         [
C:\SFML Template\ConsoleApplication1\enemies.cpp(101,36): warning C4244:             T=float
C:\SFML Template\ConsoleApplication1\enemies.cpp(101,36): warning C4244:         ]
C:\SFML Template\ConsoleApplication1\enemies.cpp(147,39): warning C4244: 'argument': conversion from 'int' to 'T', possible loss of data
C:\SFML Template\ConsoleApplication1\enemies.cpp(147,39): warning C4244:         with
C:\SFML Template\ConsoleApplication1\enemies.cpp(147,39): warning C4244:         [
C:\SFML Template\ConsoleApplication1\enemies.cpp(147,39): warning C4244:             T=float
C:\SFML Template\ConsoleApplication1\enemies.cpp(147,39): warning C4244:         ]
C:\SFML Template\ConsoleApplication1\enemies.cpp(147,36): warning C4244: 'argument': conversion from 'int' to 'T', possible loss of data
C:\SFML Template\ConsoleApplication1\enemies.cpp(147,36): warning C4244:         with
C:\SFML Template\ConsoleApplication1\enemies.cpp(147,36): warning C4244:         [
C:\SFML Template\ConsoleApplication1\enemies.cpp(147,36): warning C4244:             T=float
C:\SFML Template\ConsoleApplication1\enemies.cpp(147,36): warning C4244:         ]
C:\SFML Template\ConsoleApplication1\enemies.cpp(217,30): warning C4244: 'argument': conversion from 'int' to 'float', possible loss of data
C:\SFML Template\ConsoleApplication1\enemies.cpp(217,27): warning C4244: 'argument': conversion from 'int' to 'float', possible loss of data
C:\SFML Template\ConsoleApplication1\enemies.cpp(350,75): warning C4244: 'argument': conversion from 'T' to 'int', possible loss of data
C:\SFML Template\ConsoleApplication1\enemies.cpp(350,75): warning C4244:         with
C:\SFML Template\ConsoleApplication1\enemies.cpp(350,75): warning C4244:         [
C:\SFML Template\ConsoleApplication1\enemies.cpp(350,75): warning C4244:             T=float
C:\SFML Template\ConsoleApplication1\enemies.cpp(350,75): warning C4244:         ]
C:\SFML Template\ConsoleApplication1\enemies.cpp(350,53): warning C4244: 'argument': conversion from 'T' to 'int', possible loss of data
C:\SFML Template\ConsoleApplication1\enemies.cpp(350,53): warning C4244:         with
C:\SFML Template\ConsoleApplication1\enemies.cpp(350,53): warning C4244:         [
C:\SFML Template\ConsoleApplication1\enemies.cpp(350,53): warning C4244:             T=float
C:\SFML Template\ConsoleApplication1\enemies.cpp(350,53): warning C4244:         ]
C:\SFML Template\ConsoleApplication1\enemies.cpp(354,70): warning C4244: 'argument': conversion from 'T' to 'int', possible loss of data
C:\SFML Template\ConsoleApplication1\enemies.cpp(354,70): warning C4244:         with
C:\SFML Template\ConsoleApplication1\enemies.cpp(354,70): warning C4244:         [
C:\SFML Template\ConsoleApplication1\enemies.cpp(354,70): warning C4244:             T=float
C:\SFML Template\ConsoleApplication1\enemies.cpp(354,70): warning C4244:         ]
C:\SFML Template\ConsoleApplication1\enemies.cpp(354,49): warning C4244: 'argument': conversion from 'T' to 'int', possible loss of data
C:\SFML Template\ConsoleApplication1\enemies.cpp(354,49): warning C4244:         with
C:\SFML Template\ConsoleApplication1\enemies.cpp(354,49): warning C4244:         [
C:\SFML Template\ConsoleApplication1\enemies.cpp(354,49): warning C4244:             T=float
C:\SFML Template\ConsoleApplication1\enemies.cpp(354,49): warning C4244:         ]
C:\SFML Template\ConsoleApplication1\enemies.cpp(358,65): warning C4244: 'argument': conversion from 'T' to 'int', possible loss of data
C:\SFML Template\ConsoleApplication1\enemies.cpp(358,65): warning C4244:         with
C:\SFML Template\ConsoleApplication1\enemies.cpp(358,65): warning C4244:         [
C:\SFML Template\ConsoleApplication1\enemies.cpp(358,65): warning C4244:             T=float
C:\SFML Template\ConsoleApplication1\enemies.cpp(358,65): warning C4244:         ]
C:\SFML Template\ConsoleApplication1\enemies.cpp(358,46): warning C4244: 'argument': conversion from 'T' to 'int', possible loss of data
C:\SFML Template\ConsoleApplication1\enemies.cpp(358,46): warning C4244:         with
C:\SFML Template\ConsoleApplication1\enemies.cpp(358,46): warning C4244:         [
C:\SFML Template\ConsoleApplication1\enemies.cpp(358,46): warning C4244:             T=float
C:\SFML Template\ConsoleApplication1\enemies.cpp(358,46): warning C4244:         ]
C:\SFML Template\ConsoleApplication1\enemies.cpp(366,38): warning C4244: 'argument': conversion from 'T' to 'int', possible loss of data
C:\SFML Template\ConsoleApplication1\enemies.cpp(366,38): warning C4244:         with
C:\SFML Template\ConsoleApplication1\enemies.cpp(366,38): warning C4244:         [
C:\SFML Template\ConsoleApplication1\enemies.cpp(366,38): warning C4244:             T=float
C:\SFML Template\ConsoleApplication1\enemies.cpp(366,38): warning C4244:         ]
C:\SFML Template\ConsoleApplication1\enemies.cpp(366,27): warning C4244: 'argument': conversion from 'T' to 'int', possible loss of data
C:\SFML Template\ConsoleApplication1\enemies.cpp(366,27): warning C4244:         with
C:\SFML Template\ConsoleApplication1\enemies.cpp(366,27): warning C4244:         [
C:\SFML Template\ConsoleApplication1\enemies.cpp(366,27): warning C4244:             T=float
C:\SFML Template\ConsoleApplication1\enemies.cpp(366,27): warning C4244:         ]
C:\SFML Template\ConsoleApplication1\enemies.cpp(369,79): warning C4244: 'argument': conversion from 'T' to 'int', possible loss of data
C:\SFML Template\ConsoleApplication1\enemies.cpp(369,79): warning C4244:         with
C:\SFML Template\ConsoleApplication1\enemies.cpp(369,79): warning C4244:         [
C:\SFML Template\ConsoleApplication1\enemies.cpp(369,79): warning C4244:             T=float
C:\SFML Template\ConsoleApplication1\enemies.cpp(369,79): warning C4244:         ]
C:\SFML Template\ConsoleApplication1\enemies.cpp(369,55): warning C4244: 'argument': conversion from 'T' to 'int', possible loss of data
C:\SFML Template\ConsoleApplication1\enemies.cpp(369,55): warning C4244:         with
C:\SFML Template\ConsoleApplication1\enemies.cpp(369,55): warning C4244:         [
C:\SFML Template\ConsoleApplication1\enemies.cpp(369,55): warning C4244:             T=float
C:\SFML Template\ConsoleApplication1\enemies.cpp(369,55): warning C4244:         ]
C:\SFML Template\ConsoleApplication1\enemies.cpp(373,70): warning C4244: 'argument': conversion from 'T' to 'int', possible loss of data
C:\SFML Template\ConsoleApplication1\enemies.cpp(373,70): warning C4244:         with
C:\SFML Template\ConsoleApplication1\enemies.cpp(373,70): warning C4244:         [
C:\SFML Template\ConsoleApplication1\enemies.cpp(373,70): warning C4244:             T=float
C:\SFML Template\ConsoleApplication1\enemies.cpp(373,70): warning C4244:         ]
C:\SFML Template\ConsoleApplication1\enemies.cpp(373,49): warning C4244: 'argument': conversion from 'T' to 'int', possible loss of data
C:\SFML Template\ConsoleApplication1\enemies.cpp(373,49): warning C4244:         with
C:\SFML Template\ConsoleApplication1\enemies.cpp(373,49): warning C4244:         [
C:\SFML Template\ConsoleApplication1\enemies.cpp(373,49): warning C4244:             T=float
C:\SFML Template\ConsoleApplication1\enemies.cpp(373,49): warning C4244:         ]
C:\SFML Template\ConsoleApplication1\enemies.cpp(377,65): warning C4244: 'argument': conversion from 'T' to 'int', possible loss of data
C:\SFML Template\ConsoleApplication1\enemies.cpp(377,65): warning C4244:         with
C:\SFML Template\ConsoleApplication1\enemies.cpp(377,65): warning C4244:         [
C:\SFML Template\ConsoleApplication1\enemies.cpp(377,65): warning C4244:             T=float
C:\SFML Template\ConsoleApplication1\enemies.cpp(377,65): warning C4244:         ]
C:\SFML Template\ConsoleApplication1\enemies.cpp(377,46): warning C4244: 'argument': conversion from 'T' to 'int', possible loss of data
C:\SFML Template\ConsoleApplication1\enemies.cpp(377,46): warning C4244:         with
C:\SFML Template\ConsoleApplication1\enemies.cpp(377,46): warning C4244:         [
C:\SFML Template\ConsoleApplication1\enemies.cpp(377,46): warning C4244:             T=float
C:\SFML Template\ConsoleApplication1\enemies.cpp(377,46): warning C4244:         ]
  player.cpp
C:\SFML Template\ConsoleApplication1\player.cpp(57,39): warning C4244: 'argument': conversion from 'int' to 'float', possible loss of data
C:\SFML Template\ConsoleApplication1\player.cpp(57,27): warning C4244: 'argument': conversion from 'int' to 'float', possible loss of data
C:\SFML Template\ConsoleApplication1\player.cpp(79,43): warning C4244: 'argument': conversion from 'int' to 'float', possible loss of data
C:\SFML Template\ConsoleApplication1\player.cpp(79,31): warning C4244: 'argument': conversion from 'int' to 'float', possible loss of data
C:\SFML Template\ConsoleApplication1\player.cpp(85,44): warning C4244: 'argument': conversion from 'int' to 'float', possible loss of data
C:\SFML Template\ConsoleApplication1\player.cpp(85,31): warning C4244: 'argument': conversion from 'int' to 'float', possible loss of data
enemies.obj : error LNK2001: unresolved external symbol "__declspec(dllimport) public: static class sf::RenderStates const sf::RenderStates::Default" (__imp_?Default@RenderStates@sf@@2V12@B)
enemies.obj : error LNK2001: unresolved external symbol "__declspec(dllimport) public: static class sf::Color const sf::Color::White" (__imp_?White@Color@sf@@2V12@B)
enemies.obj : error LNK2001: unresolved external symbol "__declspec(dllimport) public: float __cdecl sf::CircleShape::getRadius(void)const " (__imp_?getRadius@CircleShape@sf@@QEBAMXZ)
enemies.obj : error LNK2001: unresolved external symbol "__declspec(dllimport) public: void __cdecl sf::CircleShape::setRadius(float)" (__imp_?setRadius@CircleShape@sf@@QEAAXM@Z)
enemies.obj : error LNK2001: unresolved external symbol "__declspec(dllimport) public: __cdecl sf::CircleShape::CircleShape(float,unsigned __int64)" (__imp_??0CircleShape@sf@@QEAA@M_K@Z)
enemies.obj : error LNK2001: unresolved external symbol "__declspec(dllimport) public: void __cdecl sf::Transformable::move(float,float)" (__imp_?move@Transformable@sf@@QEAAXMM@Z)
enemies.obj : error LNK2001: unresolved external symbol "__declspec(dllimport) public: void __cdecl sf::Transformable::move(class sf::Vector2<float> const &)" (__imp_?move@Transformable@sf@@QEAAXAEBV?$Vector2@M@2@@Z)
enemies.obj : error LNK2001: unresolved external symbol "__declspec(dllimport) public: class sf::Vector2<float> const & __cdecl sf::Transformable::getPosition(void)const " (__imp_?getPosition@Transformable@sf@@QEBAAEBV?$Vector2@M@2@XZ)
enemies.obj : error LNK2001: unresolved external symbol "__declspec(dllimport) public: void __cdecl sf::Transformable::setOrigin(float,float)" (__imp_?setOrigin@Transformable@sf@@QEAAXMM@Z)
enemies.obj : error LNK2001: unresolved external symbol "__declspec(dllimport) public: void __cdecl sf::Transformable::setScale(float,float)" (__imp_?setScale@Transformable@sf@@QEAAXMM@Z)
enemies.obj : error LNK2001: unresolved external symbol "__declspec(dllimport) public: void __cdecl sf::Transformable::setPosition(float,float)" (__imp_?setPosition@Transformable@sf@@QEAAXMM@Z)
enemies.obj : error LNK2001: unresolved external symbol "__declspec(dllimport) public: void __cdecl sf::Transformable::setPosition(class sf::Vector2<float> const &)" (__imp_?setPosition@Transformable@sf@@QEAAXAEBV?$Vector2@M@2@@Z)
enemies.obj : error LNK2001: unresolved external symbol "__declspec(dllimport) public: bool __cdecl sf::Texture::loadFromFile(class std::basic_string<char,struct std::char_traits<char>,class std::allocator<char> > const &,class sf::Rect<int> const &)" (__imp_?loadFromFile@Texture@sf@@QEAA_NAEBV?$basic_string@DU?$char_traits@D@std@@V?$allocator@D@2@@std@@AEBV?$Rect@H@2@@Z)
enemies.obj : error LNK2001: unresolved external symbol "__declspec(dllimport) public: bool __cdecl sf::Texture::create(unsigned int,unsigned int)" (__imp_?create@Texture@sf@@QEAA_NII@Z)
enemies.obj : error LNK2001: unresolved external symbol "__declspec(dllimport) public: __cdecl sf::Texture::~Texture(void)" (__imp_??1Texture@sf@@QEAA@XZ)
enemies.obj : error LNK2001: unresolved external symbol "__declspec(dllimport) public: __cdecl sf::Texture::Texture(void)" (__imp_??0Texture@sf@@QEAA@XZ)
enemies.obj : error LNK2001: unresolved external symbol "__declspec(dllimport) public: __cdecl sf::Color::Color(unsigned char,unsigned char,unsigned char,unsigned char)" (__imp_??0Color@sf@@QEAA@EEEE@Z)
enemies.obj : error LNK2001: unresolved external symbol "__declspec(dllimport) public: static class sf::Color const sf::Color::Red" (__imp_?Red@Color@sf@@2V12@B)
enemies.obj : error LNK2001: unresolved external symbol "__declspec(dllimport) public: static class sf::Color const sf::Color::Yellow" (__imp_?Yellow@Color@sf@@2V12@B)
enemies.obj : error LNK2001: unresolved external symbol "__declspec(dllimport) public: static class sf::Color const sf::Color::Transparent" (__imp_?Transparent@Color@sf@@2V12@B)
enemies.obj : error LNK2001: unresolved external symbol "__declspec(dllimport) public: static class sf::Color const sf::Color::Green" (__imp_?Green@Color@sf@@2V12@B)
enemies.obj : error LNK2001: unresolved external symbol "__declspec(dllimport) public: void __cdecl sf::RenderTarget::draw(class sf::Drawable const &,class sf::RenderStates const &)" (__imp_?draw@RenderTarget@sf@@QEAAXAEBVDrawable@2@AEBVRenderStates@2@@Z)
enemies.obj : error LNK2001: unresolved external symbol "__declspec(dllimport) public: void __cdecl sf::Shape::setOutlineThickness(float)" (__imp_?setOutlineThickness@Shape@sf@@QEAAXM@Z)
enemies.obj : error LNK2001: unresolved external symbol "__declspec(dllimport) public: void __cdecl sf::Shape::setOutlineColor(class sf::Color const &)" (__imp_?setOutlineColor@Shape@sf@@QEAAXAEBVColor@2@@Z)
enemies.obj : error LNK2001: unresolved external symbol "__declspec(dllimport) public: void __cdecl sf::Shape::setFillColor(class sf::Color const &)" (__imp_?setFillColor@Shape@sf@@QEAAXAEBVColor@2@@Z)
enemies.obj : error LNK2001: unresolved external symbol "__declspec(dllimport) public: class sf::Rect<float> __cdecl sf::Sprite::getGlobalBounds(void)const " (__imp_?getGlobalBounds@Sprite@sf@@QEBA?AV?$Rect@M@2@XZ)
enemies.obj : error LNK2001: unresolved external symbol "__declspec(dllimport) public: void __cdecl sf::Sprite::setColor(class sf::Color const &)" (__imp_?setColor@Sprite@sf@@QEAAXAEBVColor@2@@Z)
enemies.obj : error LNK2001: unresolved external symbol "__declspec(dllimport) public: void __cdecl sf::Sprite::setTextureRect(class sf::Rect<int> const &)" (__imp_?setTextureRect@Sprite@sf@@QEAAXAEBV?$Rect@H@2@@Z)
enemies.obj : error LNK2001: unresolved external symbol "__declspec(dllimport) public: void __cdecl sf::Sprite::setTexture(class sf::Texture const &,bool)" (__imp_?setTexture@Sprite@sf@@QEAAXAEBVTexture@2@_N@Z)
enemies.obj : error LNK2001: unresolved external symbol "__declspec(dllimport) public: __cdecl sf::Sprite::Sprite(void)" (__imp_??0Sprite@sf@@QEAA@XZ)
enemies.obj : error LNK2001: unresolved external symbol "__declspec(dllimport) public: class sf::Sprite & __cdecl sf::Sprite::operator=(class sf::Sprite &&)" (__imp_??4Sprite@sf@@QEAAAEAV01@$$QEAV01@@Z)
enemies.obj : error LNK2001: unresolved external symbol "__declspec(dllimport) public: virtual __cdecl sf::CircleShape::~CircleShape(void)" (__imp_??1CircleShape@sf@@UEAA@XZ)
enemies.obj : error LNK2001: unresolved external symbol "__declspec(dllimport) public: __cdecl sf::Sprite::Sprite(class sf::Sprite const &)" (__imp_??0Sprite@sf@@QEAA@AEBV01@@Z)
enemies.obj : error LNK2001: unresolved external symbol "__declspec(dllimport) public: virtual __cdecl sf::Sprite::~Sprite(void)" (__imp_??1Sprite@sf@@UEAA@XZ)
Main.obj : error LNK2001: unresolved external symbol "__declspec(dllimport) public: class sf::Time __cdecl sf::Clock::restart(void)" (__imp_?restart@Clock@sf@@QEAA?AVTime@2@XZ)
Main.obj : error LNK2001: unresolved external symbol "__declspec(dllimport) public: __cdecl sf::Clock::Clock(void)" (__imp_??0Clock@sf@@QEAA@XZ)
Main.obj : error LNK2001: unresolved external symbol "__declspec(dllimport) public: void __cdecl sf::SoundSource::setVolume(float)" (__imp_?setVolume@SoundSource@sf@@QEAAXM@Z)
Main.obj : error LNK2001: unresolved external symbol "__declspec(dllimport) public: float __cdecl sf::Time::asSeconds(void)const " (__imp_?asSeconds@Time@sf@@QEBAMXZ)
Main.obj : error LNK2001: unresolved external symbol "__declspec(dllimport) public: class sf::Vector2<float> const & __cdecl sf::View::getCenter(void)const " (__imp_?getCenter@View@sf@@QEBAAEBV?$Vector2@M@2@XZ)
Main.obj : error LNK2001: unresolved external symbol "__declspec(dllimport) public: void __cdecl sf::View::setCenter(class sf::Vector2<float> const &)" (__imp_?setCenter@View@sf@@QEAAXAEBV?$Vector2@M@2@@Z)
Main.obj : error LNK2001: unresolved external symbol "__declspec(dllimport) public: __cdecl sf::View::View(class sf::Vector2<float> const &,class sf::Vector2<float> const &)" (__imp_??0View@sf@@QEAA@AEBV?$Vector2@M@1@0@Z)
Main.obj : error LNK2001: unresolved external symbol "__declspec(dllimport) public: bool __cdecl sf::Font::loadFromFile(class std::basic_string<char,struct std::char_traits<char>,class std::allocator<char> > const &)" (__imp_?loadFromFile@Font@sf@@QEAA_NAEBV?$basic_string@DU?$char_traits@D@std@@V?$allocator@D@2@@std@@@Z)
Main.obj : error LNK2001: unresolved external symbol "__declspec(dllimport) public: __cdecl sf::Font::~Font(void)" (__imp_??1Font@sf@@QEAA@XZ)
Main.obj : error LNK2001: unresolved external symbol "__declspec(dllimport) public: __cdecl sf::Font::Font(void)" (__imp_??0Font@sf@@QEAA@XZ)
Main.obj : error LNK2001: unresolved external symbol "__declspec(dllimport) public: virtual class sf::Vector2<unsigned int> __cdecl sf::RenderWindow::getSize(void)const " (__imp_?getSize@RenderWindow@sf@@UEBA?AV?$Vector2@I@2@XZ)
Main.obj : error LNK2001: unresolved external symbol "__declspec(dllimport) public: virtual __cdecl sf::RenderWindow::~RenderWindow(void)" (__imp_??1RenderWindow@sf@@UEAA@XZ)
Main.obj : error LNK2001: unresolved external symbol "__declspec(dllimport) public: __cdecl sf::RenderWindow::RenderWindow(class sf::VideoMode,class sf::String const &,unsigned int,struct sf::ContextSettings const &)" (__imp_??0RenderWindow@sf@@QEAA@VVideoMode@1@AEBVString@1@IAEBUContextSettings@1@@Z)
Main.obj : error LNK2001: unresolved external symbol "__declspec(dllimport) public: unsigned char const * __cdecl sf::Image::getPixelsPtr(void)const " (__imp_?getPixelsPtr@Image@sf@@QEBAPEBEXZ)
Main.obj : error LNK2001: unresolved external symbol "__declspec(dllimport) public: class sf::Vector2<unsigned int> __cdecl sf::Image::getSize(void)const " (__imp_?getSize@Image@sf@@QEBA?AV?$Vector2@I@2@XZ)
Main.obj : error LNK2001: unresolved external symbol "__declspec(dllimport) public: bool __cdecl sf::Image::loadFromFile(class std::basic_string<char,struct std::char_traits<char>,class std::allocator<char> > const &)" (__imp_?loadFromFile@Image@sf@@QEAA_NAEBV?$basic_string@DU?$char_traits@D@std@@V?$allocator@D@2@@std@@@Z)
Main.obj : error LNK2001: unresolved external symbol "__declspec(dllimport) public: __cdecl sf::Image::~Image(void)" (__imp_??1Image@sf@@QEAA@XZ)
Main.obj : error LNK2001: unresolved external symbol "__declspec(dllimport) public: __cdecl sf::Image::Image(void)" (__imp_??0Image@sf@@QEAA@XZ)
Main.obj : error LNK2001: unresolved external symbol "__declspec(dllimport) public: static class sf::Color const sf::Color::Black" (__imp_?Black@Color@sf@@2V12@B)
Main.obj : error LNK2001: unresolved external symbol "__declspec(dllimport) public: void __cdecl sf::Window::display(void)" (__imp_?display@Window@sf@@QEAAXXZ)
Main.obj : error LNK2001: unresolved external symbol "__declspec(dllimport) public: void __cdecl sf::Window::setFramerateLimit(unsigned int)" (__imp_?setFramerateLimit@Window@sf@@QEAAXI@Z)
Main.obj : error LNK2001: unresolved external symbol "__declspec(dllimport) public: virtual void __cdecl sf::Window::close(void)" (__imp_?close@Window@sf@@UEAAXXZ)
Main.obj : error LNK2001: unresolved external symbol "__declspec(dllimport) public: void __cdecl sf::WindowBase::setIcon(unsigned int,unsigned int,unsigned char const *)" (__imp_?setIcon@WindowBase@sf@@QEAAXIIPEBE@Z)
Main.obj : error LNK2001: unresolved external symbol "__declspec(dllimport) public: bool __cdecl sf::WindowBase::pollEvent(class sf::Event &)" (__imp_?pollEvent@WindowBase@sf@@QEAA_NAEAVEvent@2@@Z)
Main.obj : error LNK2001: unresolved external symbol "__declspec(dllimport) public: bool __cdecl sf::WindowBase::isOpen(void)const " (__imp_?isOpen@WindowBase@sf@@QEBA_NXZ)
Main.obj : error LNK2001: unresolved external symbol "__declspec(dllimport) public: void __cdecl sf::RenderTarget::setView(class sf::View const &)" (__imp_?setView@RenderTarget@sf@@QEAAXAEBVView@2@@Z)
Main.obj : error LNK2001: unresolved external symbol "__declspec(dllimport) public: void __cdecl sf::RenderTarget::clear(class sf::Color const &)" (__imp_?clear@RenderTarget@sf@@QEAAXAEBVColor@2@@Z)
Main.obj : error LNK2001: unresolved external symbol "__declspec(dllimport) public: __cdecl sf::String::String(char const *,class std::locale const &)" (__imp_??0String@sf@@QEAA@PEBDAEBVlocale@std@@@Z)
Main.obj : error LNK2001: unresolved external symbol "__declspec(dllimport) public: void __cdecl sf::RectangleShape::setSize(class sf::Vector2<float> const &)" (__imp_?setSize@RectangleShape@sf@@QEAAXAEBV?$Vector2@M@2@@Z)
Main.obj : error LNK2001: unresolved external symbol "__declspec(dllimport) public: __cdecl sf::RectangleShape::RectangleShape(class sf::Vector2<float> const &)" (__imp_??0RectangleShape@sf@@QEAA@AEBV?$Vector2@M@1@@Z)
Main.obj : error LNK2001: unresolved external symbol "__declspec(dllimport) public: __cdecl sf::VideoMode::VideoMode(unsigned int,unsigned int,unsigned int)" (__imp_??0VideoMode@sf@@QEAA@III@Z)
Main.obj : error LNK2001: unresolved external symbol "__declspec(dllimport) public: bool __cdecl sf::Music::openFromFile(class std::basic_string<char,struct std::char_traits<char>,class std::allocator<char> > const &)" (__imp_?openFromFile@Music@sf@@QEAA_NAEBV?$basic_string@DU?$char_traits@D@std@@V?$allocator@D@2@@std@@@Z)
Main.obj : error LNK2001: unresolved external symbol "__declspec(dllimport) public: virtual __cdecl sf::Music::~Music(void)" (__imp_??1Music@sf@@UEAA@XZ)
Main.obj : error LNK2001: unresolved external symbol "__declspec(dllimport) public: __cdecl sf::Music::Music(void)" (__imp_??0Music@sf@@QEAA@XZ)
Main.obj : error LNK2001: unresolved external symbol "__declspec(dllimport) public: class sf::Rect<float> __cdecl sf::Text::getGlobalBounds(void)const " (__imp_?getGlobalBounds@Text@sf@@QEBA?AV?$Rect@M@2@XZ)
Main.obj : error LNK2001: unresolved external symbol "__declspec(dllimport) public: void __cdecl sf::Text::setFillColor(class sf::Color const &)" (__imp_?setFillColor@Text@sf@@QEAAXAEBVColor@2@@Z)
Main.obj : error LNK2001: unresolved external symbol "__declspec(dllimport) public: __cdecl sf::Text::Text(class sf::String const &,class sf::Font const &,unsigned int)" (__imp_??0Text@sf@@QEAA@AEBVString@1@AEBVFont@1@I@Z)
Main.obj : error LNK2001: unresolved external symbol "__declspec(dllimport) public: void __cdecl sf::SoundStream::setLoop(bool)" (__imp_?setLoop@SoundStream@sf@@QEAAX_N@Z)
Main.obj : error LNK2001: unresolved external symbol "__declspec(dllimport) public: virtual void __cdecl sf::SoundStream::stop(void)" (__imp_?stop@SoundStream@sf@@UEAAXXZ)
Main.obj : error LNK2001: unresolved external symbol "__declspec(dllimport) public: virtual void __cdecl sf::SoundStream::pause(void)" (__imp_?pause@SoundStream@sf@@UEAAXXZ)
Main.obj : error LNK2001: unresolved external symbol "__declspec(dllimport) public: virtual void __cdecl sf::SoundStream::play(void)" (__imp_?play@SoundStream@sf@@UEAAXXZ)
Main.obj : error LNK2001: unresolved external symbol "__declspec(dllimport) public: virtual __cdecl sf::Text::~Text(void)" (__imp_??1Text@sf@@UEAA@XZ)
Main.obj : error LNK2001: unresolved external symbol "__declspec(dllimport) public: virtual __cdecl sf::RectangleShape::~RectangleShape(void)" (__imp_??1RectangleShape@sf@@UEAA@XZ)
Main.obj : error LNK2001: unresolved external symbol "__declspec(dllimport) public: __cdecl sf::String::~String(void)" (__imp_??1String@sf@@QEAA@XZ)
player.obj : error LNK2001: unresolved external symbol "__declspec(dllimport) public: class sf::Vector2<float> const & __cdecl sf::View::getSize(void)const " (__imp_?getSize@View@sf@@QEBAAEBV?$Vector2@M@2@XZ)
player.obj : error LNK2001: unresolved external symbol "__declspec(dllimport) public: static bool __cdecl sf::Keyboard::isKeyPressed(enum sf::Keyboard::Key)" (__imp_?isKeyPressed@Keyboard@sf@@SA_NW4Key@12@@Z)
player.obj : error LNK2001: unresolved external symbol "__declspec(dllimport) public: __cdecl sf::Sprite::Sprite(class sf::Sprite &&)" (__imp_??0Sprite@sf@@QEAA@$$QEAV01@@Z)
screen.obj : error LNK2001: unresolved external symbol "__declspec(dllimport) public: void __cdecl sf::WindowBase::setPosition(class sf::Vector2<int> const &)" (__imp_?setPosition@WindowBase@sf@@QEAAXAEBV?$Vector2@H@2@@Z)
screen.obj : error LNK2001: unresolved external symbol "__declspec(dllimport) public: __cdecl sf::String::String(class std::basic_string<char,struct std::char_traits<char>,class std::allocator<char> > const &,class std::locale const &)" (__imp_??0String@sf@@QEAA@AEBV?$basic_string@DU?$char_traits@D@std@@V?$allocator@D@2@@std@@AEBVlocale@3@@Z)
screen.obj : error LNK2001: unresolved external symbol "__declspec(dllimport) public: void __cdecl sf::Text::setCharacterSize(unsigned int)" (__imp_?setCharacterSize@Text@sf@@QEAAXI@Z)
screen.obj : error LNK2001: unresolved external symbol "__declspec(dllimport) public: void __cdecl sf::Text::setFont(class sf::Font const &)" (__imp_?setFont@Text@sf@@QEAAXAEBVFont@2@@Z)
screen.obj : error LNK2001: unresolved external symbol "__declspec(dllimport) public: void __cdecl sf::Text::setString(class sf::String const &)" (__imp_?setString@Text@sf@@QEAAXAEBVString@2@@Z)
screen.obj : error LNK2001: unresolved external symbol "__declspec(dllimport) public: __cdecl sf::Text::Text(void)" (__imp_??0Text@sf@@QEAA@XZ)
C:\SFML Template\x64\Release\SFML Template.exe : fatal error LNK1120: 87 unresolved externals
